<?xml version="1.0" encoding="UTF-8"?>
<testng-results skipped="0" failed="0" ignored="0" total="1" passed="1">
  <reporter-output>
  </reporter-output>
  <suite name="Default suite" duration-ms="90960" started-at="2019-05-14T09:42:10Z" finished-at="2019-05-14T09:43:41Z">
    <groups>
    </groups>
    <test name="Default test" duration-ms="90960" started-at="2019-05-14T09:42:10Z" finished-at="2019-05-14T09:43:41Z">
      <class name="Testcases.Loginapplication">
        <test-method status="PASS" signature="Login()[pri:0, instance:Testcases.Loginapplication@51efea79]" name="Login" duration-ms="90907" started-at="2019-05-14T09:42:10Z" finished-at="2019-05-14T09:43:41Z">
          <reporter-output>
          </reporter-output>
        </test-method> <!-- Login -->
      </class> <!-- Testcases.Loginapplication -->
    </test> <!-- Default test -->
  </suite> <!-- Default suite -->
</testng-results>
